\BOOKMARK [1][-]{section.1}{\376\377\000I\000n\000t\000r\000o\000d\000u\000c\000t\000i\000o\000n}{}% 1
\BOOKMARK [2][-]{subsection.1.1}{\376\377\000M\000o\000t\000i\000v\000a\000t\000i\000o\000n}{section.1}% 2
\BOOKMARK [2][-]{subsection.1.2}{\376\377\000C\000o\000n\000t\000r\000i\000b\000u\000t\000i\000o\000n}{section.1}% 3
\BOOKMARK [1][-]{section.2}{\376\377\000B\000a\000c\000k\000g\000r\000o\000u\000n\000d}{}% 4
\BOOKMARK [2][-]{subsection.2.1}{\376\377\000A\000t\000t\000a\000c\000k\000\040\000G\000r\000a\000p\000h\000s\000\040\000a\000n\000d\000\040\000M\000u\000l\000V\000A\000L}{section.2}% 5
\BOOKMARK [2][-]{subsection.2.2}{\376\377\000T\000h\000e\000\040\000R\000e\000c\000o\000m\000p\000u\000t\000a\000t\000i\000o\000n\000\040\000P\000r\000o\000b\000l\000e\000m}{section.2}% 6
\BOOKMARK [2][-]{subsection.2.3}{\376\377\000D\000i\000f\000f\000e\000r\000e\000n\000t\000i\000a\000l\000\040\000D\000a\000t\000a\000f\000l\000o\000w}{section.2}% 7
\BOOKMARK [1][-]{section.3}{\376\377\000S\000y\000s\000t\000e\000m\000\040\000D\000e\000s\000i\000g\000n}{}% 8
\BOOKMARK [2][-]{subsection.3.1}{\376\377\000A\000r\000c\000h\000i\000t\000e\000c\000t\000u\000r\000e\000\040\000O\000v\000e\000r\000v\000i\000e\000w}{section.3}% 9
\BOOKMARK [2][-]{subsection.3.2}{\376\377\000R\000u\000l\000e\000\040\000T\000r\000a\000n\000s\000l\000a\000t\000i\000o\000n}{section.3}% 10
\BOOKMARK [3][-]{subsubsection.3.2.1}{\376\377\000H\000a\000n\000d\000l\000i\000n\000g\000\040\000R\000e\000c\000u\000r\000s\000i\000o\000n}{subsection.3.2}% 11
\BOOKMARK [3][-]{subsubsection.3.2.2}{\376\377\000H\000a\000n\000d\000l\000i\000n\000g\000\040\000N\000e\000g\000a\000t\000i\000o\000n\000\040\000w\000i\000t\000h\000\040\000A\000n\000t\000i\000j\000o\000i\000n}{subsection.3.2}% 12
\BOOKMARK [2][-]{subsection.3.3}{\376\377\000I\000n\000c\000r\000e\000m\000e\000n\000t\000a\000l\000\040\000U\000p\000d\000a\000t\000e\000s}{section.3}% 13
\BOOKMARK [1][-]{section.4}{\376\377\000E\000v\000a\000l\000u\000a\000t\000i\000o\000n}{}% 14
\BOOKMARK [2][-]{subsection.4.1}{\376\377\000E\000x\000p\000e\000r\000i\000m\000e\000n\000t\000a\000l\000\040\000S\000e\000t\000u\000p}{section.4}% 15
\BOOKMARK [2][-]{subsection.4.2}{\376\377\000N\000e\000t\000w\000o\000r\000k\000\040\000T\000o\000p\000o\000l\000o\000g\000i\000e\000s}{section.4}% 16
\BOOKMARK [3][-]{subsubsection.4.2.1}{\376\377\000S\000t\000a\000r\000\040\000T\000o\000p\000o\000l\000o\000g\000y}{subsection.4.2}% 17
\BOOKMARK [3][-]{subsubsection.4.2.2}{\376\377\000C\000h\000a\000i\000n\000\040\000T\000o\000p\000o\000l\000o\000g\000y}{subsection.4.2}% 18
\BOOKMARK [2][-]{subsection.4.3}{\376\377\000R\000Q\0001\000:\000\040\000I\000n\000c\000r\000e\000m\000e\000n\000t\000a\000l\000\040\000v\000s\000.\000\040\000F\000u\000l\000l\000\040\000R\000e\000c\000o\000m\000p\000u\000t\000a\000t\000i\000o\000n}{section.4}% 19
\BOOKMARK [2][-]{subsection.4.4}{\376\377\000R\000Q\0002\000:\000\040\000S\000c\000a\000l\000a\000b\000i\000l\000i\000t\000y}{section.4}% 20
\BOOKMARK [2][-]{subsection.4.5}{\376\377\000R\000Q\0003\000:\000\040\000P\000o\000s\000i\000t\000i\000o\000n\000-\000D\000e\000p\000e\000n\000d\000e\000n\000t\000\040\000U\000p\000d\000a\000t\000e\000s}{section.4}% 21
\BOOKMARK [1][-]{section.5}{\376\377\000D\000i\000s\000c\000u\000s\000s\000i\000o\000n}{}% 22
\BOOKMARK [2][-]{subsection.5.1}{\376\377\000P\000e\000r\000f\000o\000r\000m\000a\000n\000c\000e\000\040\000A\000n\000a\000l\000y\000s\000i\000s}{section.5}% 23
\BOOKMARK [3][-]{subsubsection.5.1.1}{\376\377\000S\000c\000a\000l\000a\000b\000i\000l\000i\000t\000y}{subsection.5.1}% 24
\BOOKMARK [3][-]{subsubsection.5.1.2}{\376\377\000U\000p\000d\000a\000t\000e\000\040\000C\000o\000m\000p\000l\000e\000x\000i\000t\000y}{subsection.5.1}% 25
\BOOKMARK [2][-]{subsection.5.2}{\376\377\000A\000p\000p\000l\000i\000c\000a\000b\000i\000l\000i\000t\000y}{section.5}% 26
\BOOKMARK [2][-]{subsection.5.3}{\376\377\000P\000r\000a\000c\000t\000i\000c\000a\000l\000\040\000C\000o\000n\000s\000i\000d\000e\000r\000a\000t\000i\000o\000n\000s}{section.5}% 27
\BOOKMARK [1][-]{section.6}{\376\377\000R\000e\000l\000a\000t\000e\000d\000\040\000W\000o\000r\000k}{}% 28
\BOOKMARK [2][-]{subsection.6.1}{\376\377\000A\000t\000t\000a\000c\000k\000\040\000G\000r\000a\000p\000h\000\040\000G\000e\000n\000e\000r\000a\000t\000i\000o\000n}{section.6}% 29
\BOOKMARK [2][-]{subsection.6.2}{\376\377\000I\000n\000c\000r\000e\000m\000e\000n\000t\000a\000l\000\040\000D\000a\000t\000a\000l\000o\000g}{section.6}% 30
\BOOKMARK [2][-]{subsection.6.3}{\376\377\000D\000a\000t\000a\000f\000l\000o\000w\000\040\000S\000y\000s\000t\000e\000m\000s}{section.6}% 31
\BOOKMARK [1][-]{section.7}{\376\377\000C\000o\000n\000c\000l\000u\000s\000i\000o\000n}{}% 32
\BOOKMARK [2][-]{subsection.7.1}{\376\377\000F\000u\000t\000u\000r\000e\000\040\000W\000o\000r\000k}{section.7}% 33
\BOOKMARK [2][-]{subsection.7.2}{\376\377\000R\000e\000p\000r\000o\000d\000u\000c\000i\000b\000i\000l\000i\000t\000y}{section.7}% 34
\BOOKMARK [1][-]{section*.1}{\376\377\000R\000e\000f\000e\000r\000e\000n\000c\000e\000s}{}% 35
